2025-09-10 12:25:26,703 INFO [31m[1mWARNING: This is a development server. Do not use it in a production deployment. Use a production WSGI server instead.[0m
 * Running on http://127.0.0.1:5000
2025-09-10 12:25:26,703 INFO [33mPress CTRL+C to quit[0m
2025-09-10 12:25:26,705 INFO  * Restarting with stat
2025-09-10 12:25:27,125 WARNING  * Debugger is active!
2025-09-10 12:25:27,127 INFO  * Debugger PIN: 381-345-708
2025-09-10 12:25:35,164 INFO 127.0.0.1 - - [10/Sep/2025 12:25:35] "GET / HTTP/1.1" 200 -
2025-09-10 12:25:35,276 INFO 127.0.0.1 - - [10/Sep/2025 12:25:35] "GET /static/logoferreteria.png HTTP/1.1" 200 -
2025-09-10 12:25:35,723 ERROR Excepción: 404 Not Found: The requested URL was not found on the server. If you entered the URL manually please check your spelling and try again.
Traceback:
Traceback (most recent call last):
  File "C:\Users\alexp\AppData\Local\Programs\Python\Python313\Lib\site-packages\flask\app.py", line 917, in full_dispatch_request
    rv = self.dispatch_request()
  File "C:\Users\alexp\AppData\Local\Programs\Python\Python313\Lib\site-packages\flask\app.py", line 891, in dispatch_request
    self.raise_routing_exception(req)
    ~~~~~~~~~~~~~~~~~~~~~~~~~~~~^^^^^
  File "C:\Users\alexp\AppData\Local\Programs\Python\Python313\Lib\site-packages\flask\app.py", line 500, in raise_routing_exception
    raise request.routing_exception  # type: ignore[misc]
    ^^^^^^^^^^^^^^^^^^^^^^^^^^^^^^^
  File "C:\Users\alexp\AppData\Local\Programs\Python\Python313\Lib\site-packages\flask\ctx.py", line 362, in match_request
    result = self.url_adapter.match(return_rule=True)  # type: ignore
  File "C:\Users\alexp\AppData\Local\Programs\Python\Python313\Lib\site-packages\werkzeug\routing\map.py", line 629, in match
    raise NotFound() from None
werkzeug.exceptions.NotFound: 404 Not Found: The requested URL was not found on the server. If you entered the URL manually please check your spelling and try again.

2025-09-10 12:25:35,732 INFO 127.0.0.1 - - [10/Sep/2025 12:25:35] "[35m[1mGET /favicon.ico HTTP/1.1[0m" 500 -
2025-09-10 12:25:45,200 INFO  * Detected change in 'C:\\Users\\alexp\\Documents\\gestor_stock\\gestor.py', reloading
2025-09-10 12:25:45,291 INFO  * Restarting with stat
